<?xml version="1.0" encoding="UTF-8"?>
<testsuite xmlns:xsi="http://www.w3.org/2001/XMLSchema-instance" xsi:noNamespaceSchemaLocation="https://maven.apache.org/surefire/maven-surefire-plugin/xsd/surefire-test-report-3.0.xsd" version="3.0" name="com.econ.app.ExpenseFacadeTest" time="0.298" tests="4" errors="0" skipped="0" failures="4">
  <properties>
[...]
</properties>
  <testcase name="deleteAllObjects" classname="com.econ.app.ExpenseFacadeTest" time="0.277">
    <failure type="org.opentest4j.AssertionFailedError&#10;	at org.junit.jupiter.api.AssertionUtils.fail(AssertionUtils.java"><![CDATA[org.opentest4j.AssertionFailedError
	at org.junit.jupiter.api.AssertionUtils.fail(AssertionUtils.java:46)
	at org.junit.jupiter.api.Assertions.fail(Assertions.java:161)
	at com.econ.app.ExpenseFacadeTest.createTestObjects(ExpenseControllerTest.java:32)
	at java.base/java.lang.reflect.Method.invoke(Method.java:580)
	at java.base/java.util.ArrayList.forEach(ArrayList.java:1596)
	at java.base/java.util.ArrayList.forEach(ArrayList.java:1596)
Caused by: java.lang.ClassCastException: class [Ljava.lang.Object; cannot be cast to class [Lcom.econ.app.models.Expense; ([Ljava.lang.Object; is in module java.base of loader 'bootstrap'; [Lcom.econ.app.models.Expense; is in unnamed module of loader 'app')
	at com.econ.app.expense.ExpenseRepo.getAll(ExpenseRepo.java:70)
	at com.econ.app.expense.ExpenseFacade.getAll(ExpenseFacade.java:18)
	at com.econ.app.ExpenseFacadeTest.createTestObjects(ExpenseControllerTest.java:30)
	... 3 more
]]></failure>
  </testcase>
  <testcase name="deleteObject" classname="com.econ.app.ExpenseFacadeTest" time="0.005">
    <failure type="org.opentest4j.AssertionFailedError&#10;	at org.junit.jupiter.api.AssertionUtils.fail(AssertionUtils.java"><![CDATA[org.opentest4j.AssertionFailedError
	at org.junit.jupiter.api.AssertionUtils.fail(AssertionUtils.java:46)
	at org.junit.jupiter.api.Assertions.fail(Assertions.java:161)
	at com.econ.app.ExpenseFacadeTest.createTestObjects(ExpenseControllerTest.java:32)
	at java.base/java.lang.reflect.Method.invoke(Method.java:580)
	at java.base/java.util.ArrayList.forEach(ArrayList.java:1596)
	at java.base/java.util.ArrayList.forEach(ArrayList.java:1596)
Caused by: org.sqlite.SQLiteException: [SQLITE_CONSTRAINT_PRIMARYKEY] A PRIMARY KEY constraint failed (UNIQUE constraint failed: EXPENSES.id)
	at org.sqlite.core.DB.newSQLException(DB.java:1179)
	at org.sqlite.core.DB.newSQLException(DB.java:1190)
	at org.sqlite.core.DB.execute(DB.java:985)
	at org.sqlite.core.DB.executeUpdate(DB.java:1054)
	at org.sqlite.jdbc3.JDBC3PreparedStatement.lambda$executeLargeUpdate$2(JDBC3PreparedStatement.java:129)
	at org.sqlite.jdbc3.JDBC3Statement.withConnectionTimeout(JDBC3Statement.java:458)
	at org.sqlite.jdbc3.JDBC3PreparedStatement.executeLargeUpdate(JDBC3PreparedStatement.java:124)
	at org.sqlite.jdbc3.JDBC3PreparedStatement.executeUpdate(JDBC3PreparedStatement.java:105)
	at com.econ.app.expense.ExpenseRepo.create(ExpenseRepo.java:118)
	at com.econ.app.expense.ExpenseFacade.createMultiple(ExpenseFacade.java:30)
	at com.econ.app.ExpenseFacadeTest.createTestObjects(ExpenseControllerTest.java:26)
	... 3 more
]]></failure>
  </testcase>
  <testcase name="getObject" classname="com.econ.app.ExpenseFacadeTest" time="0.002">
    <failure type="org.opentest4j.AssertionFailedError&#10;	at org.junit.jupiter.api.AssertionUtils.fail(AssertionUtils.java"><![CDATA[org.opentest4j.AssertionFailedError
	at org.junit.jupiter.api.AssertionUtils.fail(AssertionUtils.java:46)
	at org.junit.jupiter.api.Assertions.fail(Assertions.java:161)
	at com.econ.app.ExpenseFacadeTest.createTestObjects(ExpenseControllerTest.java:32)
	at java.base/java.lang.reflect.Method.invoke(Method.java:580)
	at java.base/java.util.ArrayList.forEach(ArrayList.java:1596)
	at java.base/java.util.ArrayList.forEach(ArrayList.java:1596)
Caused by: org.sqlite.SQLiteException: [SQLITE_CONSTRAINT_PRIMARYKEY] A PRIMARY KEY constraint failed (UNIQUE constraint failed: EXPENSES.id)
	at org.sqlite.core.DB.newSQLException(DB.java:1179)
	at org.sqlite.core.DB.newSQLException(DB.java:1190)
	at org.sqlite.core.DB.execute(DB.java:985)
	at org.sqlite.core.DB.executeUpdate(DB.java:1054)
	at org.sqlite.jdbc3.JDBC3PreparedStatement.lambda$executeLargeUpdate$2(JDBC3PreparedStatement.java:129)
	at org.sqlite.jdbc3.JDBC3Statement.withConnectionTimeout(JDBC3Statement.java:458)
	at org.sqlite.jdbc3.JDBC3PreparedStatement.executeLargeUpdate(JDBC3PreparedStatement.java:124)
	at org.sqlite.jdbc3.JDBC3PreparedStatement.executeUpdate(JDBC3PreparedStatement.java:105)
	at com.econ.app.expense.ExpenseRepo.create(ExpenseRepo.java:118)
	at com.econ.app.expense.ExpenseFacade.createMultiple(ExpenseFacade.java:30)
	at com.econ.app.ExpenseFacadeTest.createTestObjects(ExpenseControllerTest.java:26)
	... 3 more
]]></failure>
  </testcase>
  <testcase name="postObject" classname="com.econ.app.ExpenseFacadeTest" time="0.002">
    <failure type="org.opentest4j.AssertionFailedError&#10;	at org.junit.jupiter.api.AssertionUtils.fail(AssertionUtils.java"><![CDATA[org.opentest4j.AssertionFailedError
	at org.junit.jupiter.api.AssertionUtils.fail(AssertionUtils.java:46)
	at org.junit.jupiter.api.Assertions.fail(Assertions.java:161)
	at com.econ.app.ExpenseFacadeTest.createTestObjects(ExpenseControllerTest.java:32)
	at java.base/java.lang.reflect.Method.invoke(Method.java:580)
	at java.base/java.util.ArrayList.forEach(ArrayList.java:1596)
	at java.base/java.util.ArrayList.forEach(ArrayList.java:1596)
Caused by: org.sqlite.SQLiteException: [SQLITE_CONSTRAINT_PRIMARYKEY] A PRIMARY KEY constraint failed (UNIQUE constraint failed: EXPENSES.id)
	at org.sqlite.core.DB.newSQLException(DB.java:1179)
	at org.sqlite.core.DB.newSQLException(DB.java:1190)
	at org.sqlite.core.DB.execute(DB.java:985)
	at org.sqlite.core.DB.executeUpdate(DB.java:1054)
	at org.sqlite.jdbc3.JDBC3PreparedStatement.lambda$executeLargeUpdate$2(JDBC3PreparedStatement.java:129)
	at org.sqlite.jdbc3.JDBC3Statement.withConnectionTimeout(JDBC3Statement.java:458)
	at org.sqlite.jdbc3.JDBC3PreparedStatement.executeLargeUpdate(JDBC3PreparedStatement.java:124)
	at org.sqlite.jdbc3.JDBC3PreparedStatement.executeUpdate(JDBC3PreparedStatement.java:105)
	at com.econ.app.expense.ExpenseRepo.create(ExpenseRepo.java:118)
	at com.econ.app.expense.ExpenseFacade.createMultiple(ExpenseFacade.java:30)
	at com.econ.app.ExpenseFacadeTest.createTestObjects(ExpenseControllerTest.java:26)
	... 3 more
]]></failure>
  </testcase>
</testsuite>